
=== MT5 MAX DOWNLOAD ===
& ".venv/Scripts/python.exe" data/mt5/downloader.py --terminal-path "C:\Program Files\FTMO Global Markets MT5 Terminal\terminal64.exe" --output-dir data/mt5 --symbols EURUSD GBPUSD XAUUSD --timeframes M15 H1 H4 D1 --years 50
2026-05-29 13:39:04,117 | INFO | Initializing MT5 terminal: C:\Program Files\FTMO Global Markets MT5 Terminal\terminal64.exe
2026-05-29 13:39:04,120 | INFO | MT5 connected successfully
2026-05-29 13:39:04,149 | INFO | Downloading EURUSD M15 from 2022-05-20 14:15:00+00:00 to 2026-05-29 21:30:00+00:00
2026-05-29 13:39:04,303 | INFO | Saved 100000 rows to data\mt5\EURUSD_M15.parquet
2026-05-29 13:39:04,331 | INFO | Downloading EURUSD H1 from 2010-04-15 11:00:00+00:00 to 2026-05-29 21:00:00+00:00
2026-05-29 13:39:04,457 | INFO | Saved 100000 rows to data\mt5\EURUSD_H1.parquet
2026-05-29 13:39:04,480 | INFO | Downloading EURUSD H4 from 1997-12-11 00:00:00+00:00 to 2026-05-29 20:00:00+00:00
2026-05-29 13:39:04,542 | INFO | Saved 42948 rows to data\mt5\EURUSD_H4.parquet
2026-05-29 13:39:04,559 | INFO | Downloading EURUSD D1 from 1997-12-11 00:00:00+00:00 to 2026-05-29 00:00:00+00:00
2026-05-29 13:39:04,579 | INFO | Saved 7401 rows to data\mt5\EURUSD_D1.parquet
2026-05-29 13:39:04,607 | INFO | Downloading GBPUSD M15 from 2022-05-20 11:30:00+00:00 to 2026-05-29 21:30:00+00:00
2026-05-29 13:39:04,709 | INFO | Saved 100000 rows to data\mt5\GBPUSD_M15.parquet
2026-05-29 13:39:04,734 | INFO | Downloading GBPUSD H1 from 2010-04-15 09:00:00+00:00 to 2026-05-29 21:00:00+00:00
2026-05-29 13:39:04,844 | INFO | Saved 100000 rows to data\mt5\GBPUSD_H1.parquet
2026-05-29 13:39:04,865 | INFO | Downloading GBPUSD H4 from 1989-10-18 00:00:00+00:00 to 2026-05-29 20:00:00+00:00
2026-05-29 13:39:04,932 | INFO | Saved 45068 rows to data\mt5\GBPUSD_H4.parquet
2026-05-29 13:39:04,951 | INFO | Downloading GBPUSD D1 from 1989-10-18 00:00:00+00:00 to 2026-05-29 00:00:00+00:00
2026-05-29 13:39:04,976 | INFO | Saved 9526 rows to data\mt5\GBPUSD_D1.parquet
2026-05-29 13:39:05,007 | INFO | Downloading XAUUSD M15 from 2022-03-03 03:00:00+00:00 to 2026-05-29 21:30:00+00:00
2026-05-29 13:39:05,133 | INFO | Saved 100000 rows to data\mt5\XAUUSD_M15.parquet
2026-05-29 13:39:05,158 | INFO | Downloading XAUUSD H1 from 2009-09-02 10:00:00+00:00 to 2026-05-29 21:00:00+00:00
2026-05-29 13:39:05,275 | INFO | Saved 100000 rows to data\mt5\XAUUSD_H1.parquet
2026-05-29 13:39:05,296 | INFO | Downloading XAUUSD H4 from 2001-03-13 00:00:00+00:00 to 2026-05-29 20:00:00+00:00
2026-05-29 13:39:05,356 | INFO | Saved 34643 rows to data\mt5\XAUUSD_H4.parquet
2026-05-29 13:39:05,374 | INFO | Downloading XAUUSD D1 from 2001-03-13 00:00:00+00:00 to 2026-05-29 00:00:00+00:00
2026-05-29 13:39:05,392 | INFO | Saved 6525 rows to data\mt5\XAUUSD_D1.parquet
2026-05-29 13:39:05,392 | INFO | MT5 shutdown complete
2026-05-29 13:39:05,393 | INFO | Finished. Generated 12 parquet files.

=== MODEL RETRAIN ===
& ".venv/Scripts/python.exe" backtest/retrain_models.py
