
=== MT5 MAX DOWNLOAD ===
& ".venv/Scripts/python.exe" data/mt5/downloader.py --terminal-path "C:\Program Files\FTMO Global Markets MT5 Terminal\terminal64.exe" --output-dir data/mt5 --symbols EURUSD GBPUSD XAUUSD --timeframes M15 H1 H4 D1 --years 50
2026-05-29 13:20:55,635 | INFO | Initializing MT5 terminal: C:\Program Files\FTMO Global Markets MT5 Terminal\terminal64.exe
2026-05-29 13:20:55,649 | INFO | MT5 connected successfully
2026-05-29 13:20:55,753 | INFO | Downloading EURUSD M15 from 2022-05-20 14:00:00+00:00 to 2026-05-29 21:15:00+00:00
2026-05-29 13:20:55,993 | INFO | Saved 100000 rows to data\mt5\EURUSD_M15.parquet
2026-05-29 13:20:56,061 | INFO | Downloading EURUSD H1 from 2010-04-15 11:00:00+00:00 to 2026-05-29 21:00:00+00:00
2026-05-29 13:20:56,303 | INFO | Saved 100000 rows to data\mt5\EURUSD_H1.parquet
2026-05-29 13:20:56,363 | INFO | Downloading EURUSD H4 from 1997-12-11 00:00:00+00:00 to 2026-05-29 20:00:00+00:00
2026-05-29 13:20:56,466 | INFO | Saved 42948 rows to data\mt5\EURUSD_H4.parquet
2026-05-29 13:20:56,551 | INFO | Downloading EURUSD D1 from 1997-12-11 00:00:00+00:00 to 2026-05-29 00:00:00+00:00
2026-05-29 13:20:56,571 | INFO | Saved 7401 rows to data\mt5\EURUSD_D1.parquet
2026-05-29 13:20:56,622 | INFO | Downloading GBPUSD M15 from 2022-05-20 11:15:00+00:00 to 2026-05-29 21:15:00+00:00
2026-05-29 13:20:56,768 | INFO | Saved 100000 rows to data\mt5\GBPUSD_M15.parquet
2026-05-29 13:20:58,673 | INFO | Downloading GBPUSD H1 from 2010-04-15 09:00:00+00:00 to 2026-05-29 21:00:00+00:00
2026-05-29 13:20:58,798 | INFO | Saved 100000 rows to data\mt5\GBPUSD_H1.parquet
2026-05-29 13:20:58,847 | INFO | Downloading GBPUSD H4 from 1989-10-18 00:00:00+00:00 to 2026-05-29 20:00:00+00:00
2026-05-29 13:20:58,924 | INFO | Saved 45068 rows to data\mt5\GBPUSD_H4.parquet
2026-05-29 13:20:58,976 | INFO | Downloading GBPUSD D1 from 1989-10-18 00:00:00+00:00 to 2026-05-29 00:00:00+00:00
2026-05-29 13:20:59,000 | INFO | Saved 9526 rows to data\mt5\GBPUSD_D1.parquet
2026-05-29 13:21:00,114 | INFO | Downloading XAUUSD M15 from 2022-03-03 02:45:00+00:00 to 2026-05-29 21:15:00+00:00
2026-05-29 13:21:00,253 | INFO | Saved 100000 rows to data\mt5\XAUUSD_M15.parquet
2026-05-29 13:21:02,441 | INFO | Downloading XAUUSD H1 from 2009-09-02 10:00:00+00:00 to 2026-05-29 21:00:00+00:00
2026-05-29 13:21:02,572 | INFO | Saved 100000 rows to data\mt5\XAUUSD_H1.parquet
2026-05-29 13:21:02,619 | INFO | Downloading XAUUSD H4 from 2001-03-13 00:00:00+00:00 to 2026-05-29 20:00:00+00:00
2026-05-29 13:21:02,690 | INFO | Saved 34643 rows to data\mt5\XAUUSD_H4.parquet
2026-05-29 13:21:02,733 | INFO | Downloading XAUUSD D1 from 2001-03-13 00:00:00+00:00 to 2026-05-29 00:00:00+00:00
2026-05-29 13:21:02,758 | INFO | Saved 6525 rows to data\mt5\XAUUSD_D1.parquet
2026-05-29 13:21:02,758 | INFO | MT5 shutdown complete
2026-05-29 13:21:02,758 | INFO | Finished. Generated 12 parquet files.

=== MODEL RETRAIN ===
& ".venv/Scripts/python.exe" backtest/retrain_models.py
